[259 - Suricata-Main] 2026-04-14 13:36:15 Notice: suricata: This is Suricata version 8.0.4 RELEASE running in USER mode
[259 - Suricata-Main] 2026-04-14 13:36:15 Info: cpu: CPUs/cores online: 8
[259 - Suricata-Main] 2026-04-14 13:36:15 Info: suricata: Setting engine mode to IDS mode by default
[259 - Suricata-Main] 2026-04-14 13:36:15 Info: exception-policy: master exception-policy set to: auto
[259 - Suricata-Main] 2026-04-14 13:36:15 Info: logopenfile: fast output device (regular) initialized: fast.log
[259 - Suricata-Main] 2026-04-14 13:36:15 Info: logopenfile: eve-log output device (regular) initialized: eve.json
[259 - Suricata-Main] 2026-04-14 13:36:15 Info: logopenfile: stats output device (regular) initialized: stats.log
[259 - Suricata-Main] 2026-04-14 13:36:16 Info: detect: 1 rule files processed. 49132 rules successfully loaded, 0 rules failed, 0 rules skipped
[259 - Suricata-Main] 2026-04-14 13:36:16 Info: threshold-config: Threshold config parsed: 0 rule(s) found
[259 - Suricata-Main] 2026-04-14 13:36:16 Info: detect: 49137 signatures processed. 1253 are IP-only rules, 4477 are inspecting packet payload, 43172 inspect application layer, 110 are decoder event only
[5895 - RX#01] 2026-04-14 13:36:19 Info: pcap: Starting file run for /Users/aishwaryaaryal/Downloads/sample.pcap
[259 - Suricata-Main] 2026-04-14 13:36:19 Notice: threads: Threads created -> RX: 1 W: 8 FM: 1 FR: 1   Engine started.
[5895 - RX#01] 2026-04-14 13:36:19 Info: checksum: No packets with invalid checksum, assuming checksum offloading is NOT used
[5895 - RX#01] 2026-04-14 13:36:19 Info: pcap: pcap file /Users/aishwaryaaryal/Downloads/sample.pcap end of file reached (pcap err code 0)
[259 - Suricata-Main] 2026-04-14 13:36:19 Notice: suricata: Signal Received.  Stopping engine.
[259 - Suricata-Main] 2026-04-14 13:36:19 Info: suricata: time elapsed 0.110s
[5895 - RX#01] 2026-04-14 13:36:19 Notice: pcap: read 1 file, 15512 packets, 6333775 bytes
[259 - Suricata-Main] 2026-04-14 13:36:19 Info: counters: Alerts: 561
[259 - Suricata-Main] 2026-04-26 07:44:06 Notice: suricata: This is Suricata version 8.0.4 RELEASE running in USER mode
[259 - Suricata-Main] 2026-04-26 07:44:06 Info: cpu: CPUs/cores online: 8
[259 - Suricata-Main] 2026-04-26 07:44:06 Info: suricata: Setting engine mode to IDS mode by default
[259 - Suricata-Main] 2026-04-26 07:44:06 Info: exception-policy: master exception-policy set to: auto
[259 - Suricata-Main] 2026-04-26 07:44:06 Info: logopenfile: fast output device (regular) initialized: fast.log
[259 - Suricata-Main] 2026-04-26 07:44:06 Info: logopenfile: eve-log output device (regular) initialized: eve.json
[259 - Suricata-Main] 2026-04-26 07:44:06 Info: logopenfile: stats output device (regular) initialized: stats.log
[259 - Suricata-Main] 2026-04-26 07:44:07 Info: detect: 1 rule files processed. 49132 rules successfully loaded, 0 rules failed, 0 rules skipped
[259 - Suricata-Main] 2026-04-26 07:44:07 Info: threshold-config: Threshold config parsed: 0 rule(s) found
[259 - Suricata-Main] 2026-04-26 07:44:07 Info: detect: 49137 signatures processed. 1253 are IP-only rules, 4477 are inspecting packet payload, 43172 inspect application layer, 110 are decoder event only
[4103 - RX#01] 2026-04-26 07:44:10 Info: pcap: Starting file run for sample.pcap
[259 - Suricata-Main] 2026-04-26 07:44:10 Notice: threads: Threads created -> RX: 1 W: 8 FM: 1 FR: 1   Engine started.
[4103 - RX#01] 2026-04-26 07:44:10 Info: checksum: No packets with invalid checksum, assuming checksum offloading is NOT used
[4103 - RX#01] 2026-04-26 07:44:10 Info: pcap: pcap file sample.pcap end of file reached (pcap err code 0)
[259 - Suricata-Main] 2026-04-26 07:44:10 Notice: suricata: Signal Received.  Stopping engine.
[259 - Suricata-Main] 2026-04-26 07:44:10 Info: suricata: time elapsed 0.125s
[4103 - RX#01] 2026-04-26 07:44:10 Notice: pcap: read 1 file, 15512 packets, 6333775 bytes
[259 - Suricata-Main] 2026-04-26 07:44:10 Info: counters: Alerts: 561
